<?xml version="1.0" encoding="UTF-8"?>
<!-- Generated by org.testng.reporters.JUnitXMLReporter -->
<testsuite ignored="4" hostname="HYDL-001375A" failures="3" tests="6" name="Surefire test" time="358.921" errors="0" timestamp="24 Apr 2024 12:07:26 GMT">
  <testcase classname="mzk.PatientPortal.BaseClass.EmergencyContactTest" name="PoratlEmergencyContact" time="44.067">
    <skipped/>
  </testcase> <!-- PoratlEmergencyContact -->
  <testcase classname="mzk.PatientPortal.BaseClass.EmergencyContactTest" name="PoratlEmergencyContact" time="62.951">
    <failure type="org.openqa.selenium.TimeoutException" message="Expected condition failed: waiting for visibility of element located by By.xpath: //*[@id=&amp;apos;Email&amp;apos;] (tried for 60 second(s) with 500 milliseconds interval)">
      <![CDATA[org.openqa.selenium.TimeoutException: Expected condition failed: waiting for visibility of element located by By.xpath: //*[@id='Email'] (tried for 60 second(s) with 500 milliseconds interval)
at org.openqa.selenium.support.ui.WebDriverWait.timeoutException(WebDriverWait.java:113)
at org.openqa.selenium.support.ui.FluentWait.until(FluentWait.java:283)
at mzk.PatientPortal.elements.Login.PatientEmailAddress(Login.java:33)
at mzk.PatientPortal.BaseClass.LoginTestClass.login(LoginTestClass.java:32)
at mzk.PatientPortal.BaseClass.EmergencyContactTest.PoratlEmergencyContact(EmergencyContactTest.java:26)
Caused by: org.openqa.selenium.NoSuchElementException: Cannot locate an element using By.xpath: //*[@id='Email']
For documentation on this error, please visit: http://seleniumhq.org/exceptions/no_such_element.html
Build info: version: '3.14.0', revision: 'aacccce0', time: '2018-08-02T20:19:58.91Z'
System info: host: 'HYDL-001375A', ip: '172.22.11.67', os.name: 'Windows 11', os.arch: 'amd64', os.version: '10.0', java.version: '21.0.2'
Driver info: driver.version: unknown
at org.openqa.selenium.support.ui.ExpectedConditions.lambda$findElement$0(ExpectedConditions.java:896)
at java.base/java.util.Optional.orElseThrow(Optional.java:403)
at org.openqa.selenium.support.ui.ExpectedConditions.findElement(ExpectedConditions.java:895)
at org.openqa.selenium.support.ui.ExpectedConditions.access$000(ExpectedConditions.java:44)
at org.openqa.selenium.support.ui.ExpectedConditions$7.apply(ExpectedConditions.java:206)
at org.openqa.selenium.support.ui.ExpectedConditions$7.apply(ExpectedConditions.java:202)
at org.openqa.selenium.support.ui.FluentWait.until(FluentWait.java:260)
... 31 more
... Removed 28 stack frames]]>
    </failure>
  </testcase> <!-- PoratlEmergencyContact -->
  <testcase classname="mzk.PatientPortal.BaseClass.FamilyMembersTest" name="PatientFamilyMember" time="62.907">
    <skipped/>
  </testcase> <!-- PatientFamilyMember -->
  <testcase classname="mzk.PatientPortal.BaseClass.FamilyMembersTest" name="PatientFamilyMember" time="62.961">
    <failure type="org.openqa.selenium.TimeoutException" message="Expected condition failed: waiting for visibility of element located by By.xpath: //*[@id=&amp;apos;Email&amp;apos;] (tried for 60 second(s) with 500 milliseconds interval)">
      <![CDATA[org.openqa.selenium.TimeoutException: Expected condition failed: waiting for visibility of element located by By.xpath: //*[@id='Email'] (tried for 60 second(s) with 500 milliseconds interval)
at org.openqa.selenium.support.ui.WebDriverWait.timeoutException(WebDriverWait.java:113)
at org.openqa.selenium.support.ui.FluentWait.until(FluentWait.java:283)
at mzk.PatientPortal.elements.Login.PatientEmailAddress(Login.java:33)
at mzk.PatientPortal.BaseClass.LoginTestClass.login(LoginTestClass.java:32)
at mzk.PatientPortal.BaseClass.FamilyMembersTest.PatientFamilyMember(FamilyMembersTest.java:25)
Caused by: org.openqa.selenium.NoSuchElementException: Cannot locate an element using By.xpath: //*[@id='Email']
For documentation on this error, please visit: http://seleniumhq.org/exceptions/no_such_element.html
Build info: version: '3.14.0', revision: 'aacccce0', time: '2018-08-02T20:19:58.91Z'
System info: host: 'HYDL-001375A', ip: '172.22.11.67', os.name: 'Windows 11', os.arch: 'amd64', os.version: '10.0', java.version: '21.0.2'
Driver info: driver.version: unknown
at org.openqa.selenium.support.ui.ExpectedConditions.lambda$findElement$0(ExpectedConditions.java:896)
at java.base/java.util.Optional.orElseThrow(Optional.java:403)
at org.openqa.selenium.support.ui.ExpectedConditions.findElement(ExpectedConditions.java:895)
at org.openqa.selenium.support.ui.ExpectedConditions.access$000(ExpectedConditions.java:44)
at org.openqa.selenium.support.ui.ExpectedConditions$7.apply(ExpectedConditions.java:206)
at org.openqa.selenium.support.ui.ExpectedConditions$7.apply(ExpectedConditions.java:202)
at org.openqa.selenium.support.ui.FluentWait.until(FluentWait.java:260)
... 31 more
... Removed 28 stack frames]]>
    </failure>
  </testcase> <!-- PatientFamilyMember -->
  <testcase classname="mzk.PatientPortal.BaseClass.PaymentCategoryTest" name="PatientPaymentCategory" time="62.945">
    <skipped/>
  </testcase> <!-- PatientPaymentCategory -->
  <testcase classname="mzk.PatientPortal.BaseClass.PaymentCategoryTest" name="PatientPaymentCategory" time="62.935">
    <failure type="org.openqa.selenium.TimeoutException" message="Expected condition failed: waiting for visibility of element located by By.xpath: //*[@id=&amp;apos;Email&amp;apos;] (tried for 60 second(s) with 500 milliseconds interval)">
      <![CDATA[org.openqa.selenium.TimeoutException: Expected condition failed: waiting for visibility of element located by By.xpath: //*[@id='Email'] (tried for 60 second(s) with 500 milliseconds interval)
at org.openqa.selenium.support.ui.WebDriverWait.timeoutException(WebDriverWait.java:113)
at org.openqa.selenium.support.ui.FluentWait.until(FluentWait.java:283)
at mzk.PatientPortal.elements.Login.PatientEmailAddress(Login.java:33)
at mzk.PatientPortal.BaseClass.LoginTestClass.login(LoginTestClass.java:32)
at mzk.PatientPortal.BaseClass.PaymentCategoryTest.PatientPaymentCategory(PaymentCategoryTest.java:30)
Caused by: org.openqa.selenium.NoSuchElementException: Cannot locate an element using By.xpath: //*[@id='Email']
For documentation on this error, please visit: http://seleniumhq.org/exceptions/no_such_element.html
Build info: version: '3.14.0', revision: 'aacccce0', time: '2018-08-02T20:19:58.91Z'
System info: host: 'HYDL-001375A', ip: '172.22.11.67', os.name: 'Windows 11', os.arch: 'amd64', os.version: '10.0', java.version: '21.0.2'
Driver info: driver.version: unknown
at org.openqa.selenium.support.ui.ExpectedConditions.lambda$findElement$0(ExpectedConditions.java:896)
at java.base/java.util.Optional.orElseThrow(Optional.java:403)
at org.openqa.selenium.support.ui.ExpectedConditions.findElement(ExpectedConditions.java:895)
at org.openqa.selenium.support.ui.ExpectedConditions.access$000(ExpectedConditions.java:44)
at org.openqa.selenium.support.ui.ExpectedConditions$7.apply(ExpectedConditions.java:206)
at org.openqa.selenium.support.ui.ExpectedConditions$7.apply(ExpectedConditions.java:202)
at org.openqa.selenium.support.ui.FluentWait.until(FluentWait.java:260)
... 31 more
... Removed 28 stack frames]]>
    </failure>
  </testcase> <!-- PatientPaymentCategory -->
  <testcase classname="mzk.PatientPortal.BaseClass.BaseTestClass" name="@AfterSuite tearDown" time="0.0">
    <ignored/>
  </testcase> <!-- @AfterSuite tearDown -->
  <testcase classname="mzk.PatientPortal.BaseClass.BaseTestClass" name="@AfterSuite tearDown" time="0.0">
    <ignored/>
  </testcase> <!-- @AfterSuite tearDown -->
  <testcase classname="mzk.PatientPortal.BaseClass.BaseTestClass" name="@BeforeSuite initBrowser" time="0.0">
    <ignored/>
  </testcase> <!-- @BeforeSuite initBrowser -->
  <testcase classname="mzk.PatientPortal.BaseClass.BaseTestClass" name="@BeforeSuite initBrowser" time="0.0">
    <ignored/>
  </testcase> <!-- @BeforeSuite initBrowser -->
</testsuite> <!-- Surefire test -->
