<?xml version="1.0" encoding="UTF-8"?>
<!-- Generated by org.testng.reporters.JUnitXMLReporter -->
<testsuite ignored="4" hostname="HYDL-001375A" failures="0" tests="3" name="Test" time="49.845" errors="0" timestamp="2024-04-24T17:20:29 IST">
  <testcase classname="mzk.PatientPortal.BaseClass.PaymentCategoryTest" name="PatientPaymentCategory" time="25.717"/>
  <testcase classname="mzk.PatientPortal.BaseClass.EmergencyContactTest" name="PoratlEmergencyContact" time="15.505"/>
  <testcase classname="mzk.PatientPortal.BaseClass.FamilyMembersTest" name="PatientFamilyMember" time="7.773"/>
  <testcase classname="mzk.PatientPortal.BaseClass.BaseTestClass" name="@AfterSuite tearDown" time="0.0">
    <ignored/>
  </testcase> <!-- @AfterSuite tearDown -->
  <testcase classname="mzk.PatientPortal.BaseClass.BaseTestClass" name="@AfterSuite tearDown" time="0.0">
    <ignored/>
  </testcase> <!-- @AfterSuite tearDown -->
  <testcase classname="mzk.PatientPortal.BaseClass.BaseTestClass" name="@BeforeSuite initBrowser" time="0.0">
    <ignored/>
  </testcase> <!-- @BeforeSuite initBrowser -->
  <testcase classname="mzk.PatientPortal.BaseClass.BaseTestClass" name="@BeforeSuite initBrowser" time="0.0">
    <ignored/>
  </testcase> <!-- @BeforeSuite initBrowser -->
</testsuite> <!-- Test -->
