<?xml version="1.0" encoding="UTF-8"?>
<!-- Generated by org.testng.reporters.JUnitXMLReporter -->
<testsuite ignored="16" hostname="HYDL-001375A" failures="1" tests="11" name="Test" time="147.948" errors="0" timestamp="2024-04-25T13:27:09 IST">
  <testcase classname="mzk.PatientPortal.BaseClass.ForgotEmailTest" name="ForgotEmailID" time="13.118"/>
  <testcase classname="mzk.PatientPortal.BaseClass.ProvideAccessTest" name="UserProvideAccess" time="15.458"/>
  <testcase classname="mzk.PatientPortal.BaseClass.PaymentCategoryTest" name="PatientPaymentCategory" time="17.41"/>
  <testcase classname="mzk.PatientPortal.BaseClass.InternationalPatientTest" name="InternationalPatientRegistration" time="2.722">
    <skipped/>
  </testcase> <!-- InternationalPatientRegistration -->
  <testcase classname="mzk.PatientPortal.BaseClass.InternationalPatientTest" name="InternationalPatientRegistration" time="12.63">
    <failure type="java.lang.AssertionError" message="The following asserts failed:
	Both Text deos&amp;apos;t Matched expected [Connect WithUs] but found [Connect With Us]">
      <![CDATA[java.lang.AssertionError: The following asserts failed:
Both Text deos't Matched expected [Connect WithUs] but found [Connect With Us]
at mzk.PatientPortal.BaseClass.InternationalPatientTest.InternationalPatientRegistration(InternationalPatientTest.java:82)
at java.base/java.util.ArrayList.forEach(ArrayList.java:1596)
... Removed 27 stack frames]]>
    </failure>
  </testcase> <!-- InternationalPatientRegistration -->
  <testcase classname="mzk.PatientPortal.BaseClass.EmergencyContactTest" name="PoratlEmergencyContact" time="21.18"/>
  <testcase classname="mzk.PatientPortal.BaseClass.FamilyMembersTest" name="PatientFamilyMember" time="8.153"/>
  <testcase classname="mzk.PatientPortal.BaseClass.RegistrationTest" name="registerPatient" time="10.536">
    <skipped/>
  </testcase> <!-- registerPatient -->
  <testcase classname="mzk.PatientPortal.BaseClass.RegistrationTest" name="registerPatient" time="4.489"/>
  <testcase classname="mzk.PatientPortal.BaseClass.RequestAccessTest" name="UserRequestAccess" time="21.861"/>
  <testcase classname="mzk.PatientPortal.BaseClass.PersonalDetailsTest" name="UserPersonalDetails" time="19.052"/>
  <testcase classname="mzk.PatientPortal.BaseClass.BaseTestClass" name="@AfterSuite tearDown" time="0.0">
    <ignored/>
  </testcase> <!-- @AfterSuite tearDown -->
  <testcase classname="mzk.PatientPortal.BaseClass.BaseTestClass" name="@AfterSuite tearDown" time="0.0">
    <ignored/>
  </testcase> <!-- @AfterSuite tearDown -->
  <testcase classname="mzk.PatientPortal.BaseClass.BaseTestClass" name="@AfterSuite tearDown" time="0.0">
    <ignored/>
  </testcase> <!-- @AfterSuite tearDown -->
  <testcase classname="mzk.PatientPortal.BaseClass.BaseTestClass" name="@AfterSuite tearDown" time="0.0">
    <ignored/>
  </testcase> <!-- @AfterSuite tearDown -->
  <testcase classname="mzk.PatientPortal.BaseClass.BaseTestClass" name="@AfterSuite tearDown" time="0.0">
    <ignored/>
  </testcase> <!-- @AfterSuite tearDown -->
  <testcase classname="mzk.PatientPortal.BaseClass.BaseTestClass" name="@AfterSuite tearDown" time="0.0">
    <ignored/>
  </testcase> <!-- @AfterSuite tearDown -->
  <testcase classname="mzk.PatientPortal.BaseClass.BaseTestClass" name="@AfterSuite tearDown" time="0.0">
    <ignored/>
  </testcase> <!-- @AfterSuite tearDown -->
  <testcase classname="mzk.PatientPortal.BaseClass.BaseTestClass" name="@AfterSuite tearDown" time="0.0">
    <ignored/>
  </testcase> <!-- @AfterSuite tearDown -->
  <testcase classname="mzk.PatientPortal.BaseClass.BaseTestClass" name="@BeforeSuite initBrowser" time="0.0">
    <ignored/>
  </testcase> <!-- @BeforeSuite initBrowser -->
  <testcase classname="mzk.PatientPortal.BaseClass.BaseTestClass" name="@BeforeSuite initBrowser" time="0.0">
    <ignored/>
  </testcase> <!-- @BeforeSuite initBrowser -->
  <testcase classname="mzk.PatientPortal.BaseClass.BaseTestClass" name="@BeforeSuite initBrowser" time="0.0">
    <ignored/>
  </testcase> <!-- @BeforeSuite initBrowser -->
  <testcase classname="mzk.PatientPortal.BaseClass.BaseTestClass" name="@BeforeSuite initBrowser" time="0.0">
    <ignored/>
  </testcase> <!-- @BeforeSuite initBrowser -->
  <testcase classname="mzk.PatientPortal.BaseClass.BaseTestClass" name="@BeforeSuite initBrowser" time="0.0">
    <ignored/>
  </testcase> <!-- @BeforeSuite initBrowser -->
  <testcase classname="mzk.PatientPortal.BaseClass.BaseTestClass" name="@BeforeSuite initBrowser" time="0.0">
    <ignored/>
  </testcase> <!-- @BeforeSuite initBrowser -->
  <testcase classname="mzk.PatientPortal.BaseClass.BaseTestClass" name="@BeforeSuite initBrowser" time="0.0">
    <ignored/>
  </testcase> <!-- @BeforeSuite initBrowser -->
  <testcase classname="mzk.PatientPortal.BaseClass.BaseTestClass" name="@BeforeSuite initBrowser" time="0.0">
    <ignored/>
  </testcase> <!-- @BeforeSuite initBrowser -->
</testsuite> <!-- Test -->
