<?xml version="1.0" encoding="UTF-8"?>
<testsuite xmlns:xsi="http://www.w3.org/2001/XMLSchema-instance" xsi:noNamespaceSchemaLocation="https://maven.apache.org/surefire/maven-surefire-plugin/xsd/surefire-test-report.xsd" name="TestSuite" time="960.09" tests="18" errors="0" skipped="9" failures="9">
  <properties>
[...]
</properties>
  <testcase name="PoratlEmergencyContact" classname="mzk.PatientPortal.BaseClass.EmergencyContactTest" time="0">
    <skipped message="Expected condition failed: waiting for element to be clickable: [[ChromeDriver: chrome on WINDOWS (93deac0454cff8c8d107f55bcc61099b)] -&gt; xpath: //a[@href=&apos;profile&apos;]] (tried for 30 second(s) with 500 milliseconds interval)&#10;Build info: version: &apos;3.14.0&apos;, revision: &apos;aacccce0&apos;, time: &apos;2018-08-02T20:19:58.91Z&apos;&#10;System info: host: &apos;HYDL-001375A&apos;, ip: &apos;172.22.11.67&apos;, os.name: &apos;Windows 11&apos;, os.arch: &apos;amd64&apos;, os.version: &apos;10.0&apos;, java.version: &apos;21.0.2&apos;&#10;Driver info: org.openqa.selenium.chrome.ChromeDriver&#10;Capabilities {acceptInsecureCerts: false, browserName: chrome, browserVersion: 124.0.6367.78, chrome: {chromedriverVersion: 124.0.6367.78 (a087f2dd364d..., userDataDir: C:\WINDOWS\SystemTemp\scope...}, fedcm:accounts: true, goog:chromeOptions: {debuggerAddress: localhost:53468}, javascriptEnabled: true, networkConnectionEnabled: false, pageLoadStrategy: normal, platform: WINDOWS, platformName: WINDOWS, proxy: Proxy(), setWindowRect: true, strictFileInteractability: false, timeouts: {implicit: 0, pageLoad: 300000, script: 30000}, unhandledPromptBehavior: dismiss and notify, webauthn:extension:credBlob: true, webauthn:extension:largeBlob: true, webauthn:extension:minPinLength: true, webauthn:extension:prf: true, webauthn:virtualAuthenticators: true}&#10;Session ID: 93deac0454cff8c8d107f55bcc61099b"/>
    <system-out><![CDATA[16:24:45.710 [main] INFO  mzk.PatientPortal.BaseClass.EmergencyContactTest - Starting EmergencyContact test...
16:24:45.725 [main] INFO  mzk.PatientPortal.BaseClass.LoginTestClass - Starting login test...
16:24:55.380 [main] INFO  mzk.PatientPortal.BaseClass.LoginTestClass - Patient Email Address is Entered
16:24:55.724 [main] INFO  mzk.PatientPortal.BaseClass.LoginTestClass - Hitting the Send OTP Button
16:24:57.056 [main] INFO  mzk.PatientPortal.BaseClass.LoginTestClass - Entered the OTP for the codeOtp1
16:24:57.174 [main] INFO  mzk.PatientPortal.BaseClass.LoginTestClass - Entered the OTP for the codeOtp2
16:24:57.420 [main] INFO  mzk.PatientPortal.BaseClass.LoginTestClass - Entered the OTP for the codeOtp3
16:24:57.507 [main] INFO  mzk.PatientPortal.BaseClass.LoginTestClass - Entered the OTP for the codeOtp4
16:24:57.639 [main] INFO  mzk.PatientPortal.BaseClass.LoginTestClass - Hitting the login Button
]]></system-out>
    <system-err><![CDATA[SLF4J(W): No SLF4J providers were found.
SLF4J(W): Defaulting to no-operation (NOP) logger implementation
SLF4J(W): See https://www.slf4j.org/codes.html#noProviders for further details.
Starting ChromeDriver 124.0.6367.78 (a087f2dd364ddd58b9c016ef1bf563d2bc138711-refs/branch-heads/6367@{#954}) on port 48769
Only local connections are allowed.
Please see https://chromedriver.chromium.org/security-considerations for suggestions on keeping ChromeDriver safe.
ChromeDriver was started successfully.
Apr 25, 2024 4:24:40 PM org.openqa.selenium.remote.ProtocolHandshake createSession
INFO: Detected dialect: W3C
---------------------------EmergencyContact test Start--------------------------------
---------------------------Login test Start--------------------------------
---------------------------Login test End--------------------------------
]]></system-err>
  </testcase>
  <testcase name="PoratlEmergencyContact" classname="mzk.PatientPortal.BaseClass.EmergencyContactTest" time="62.891">
    <failure message="Expected condition failed: waiting for visibility of element located by By.xpath: //*[@id=&apos;Email&apos;] (tried for 60 second(s) with 500 milliseconds interval)" type="org.openqa.selenium.TimeoutException">org.openqa.selenium.TimeoutException: Expected condition failed: waiting for visibility of element located by By.xpath: //*[@id='Email'] (tried for 60 second(s) with 500 milliseconds interval)
	at mzk.PatientPortal.BaseClass.EmergencyContactTest.PoratlEmergencyContact(EmergencyContactTest.java:26)
Caused by: org.openqa.selenium.NoSuchElementException: 
Cannot locate an element using By.xpath: //*[@id='Email']
For documentation on this error, please visit: http://seleniumhq.org/exceptions/no_such_element.html
Build info: version: '3.14.0', revision: 'aacccce0', time: '2018-08-02T20:19:58.91Z'
System info: host: 'HYDL-001375A', ip: '172.22.11.67', os.name: 'Windows 11', os.arch: 'amd64', os.version: '10.0', java.version: '21.0.2'
Driver info: driver.version: unknown
	at mzk.PatientPortal.BaseClass.EmergencyContactTest.PoratlEmergencyContact(EmergencyContactTest.java:26)
</failure>
    <system-out><![CDATA[16:25:33.164 [main] INFO  mzk.PatientPortal.BaseClass.EmergencyContactTest - Starting EmergencyContact test...
16:25:33.164 [main] INFO  mzk.PatientPortal.BaseClass.LoginTestClass - Starting login test...
]]></system-out>
    <system-err><![CDATA[---------------------------EmergencyContact test Start--------------------------------
---------------------------Login test Start--------------------------------
]]></system-err>
  </testcase>
  <testcase name="PatientFamilyMember" classname="mzk.PatientPortal.BaseClass.FamilyMembersTest" time="0">
    <skipped message="Expected condition failed: waiting for visibility of element located by By.xpath: //*[@id=&apos;Email&apos;] (tried for 60 second(s) with 500 milliseconds interval)"/>
    <system-out><![CDATA[16:26:36.062 [main] INFO  mzk.PatientPortal.BaseClass.FamilyMembersTest - Starting FamilyMembersDetails test...
16:26:36.062 [main] INFO  mzk.PatientPortal.BaseClass.LoginTestClass - Starting login test...
]]></system-out>
    <system-err><![CDATA[---------------------------FamilyMembers test Start--------------------------------
---------------------------Login test Start--------------------------------
]]></system-err>
  </testcase>
  <testcase name="PatientFamilyMember" classname="mzk.PatientPortal.BaseClass.FamilyMembersTest" time="62.9">
    <failure message="Expected condition failed: waiting for visibility of element located by By.xpath: //*[@id=&apos;Email&apos;] (tried for 60 second(s) with 500 milliseconds interval)" type="org.openqa.selenium.TimeoutException">org.openqa.selenium.TimeoutException: Expected condition failed: waiting for visibility of element located by By.xpath: //*[@id='Email'] (tried for 60 second(s) with 500 milliseconds interval)
	at mzk.PatientPortal.BaseClass.FamilyMembersTest.PatientFamilyMember(FamilyMembersTest.java:25)
Caused by: org.openqa.selenium.NoSuchElementException: 
Cannot locate an element using By.xpath: //*[@id='Email']
For documentation on this error, please visit: http://seleniumhq.org/exceptions/no_such_element.html
Build info: version: '3.14.0', revision: 'aacccce0', time: '2018-08-02T20:19:58.91Z'
System info: host: 'HYDL-001375A', ip: '172.22.11.67', os.name: 'Windows 11', os.arch: 'amd64', os.version: '10.0', java.version: '21.0.2'
Driver info: driver.version: unknown
	at mzk.PatientPortal.BaseClass.FamilyMembersTest.PatientFamilyMember(FamilyMembersTest.java:25)
</failure>
    <system-out><![CDATA[16:27:38.988 [main] INFO  mzk.PatientPortal.BaseClass.FamilyMembersTest - Starting FamilyMembersDetails test...
16:27:38.989 [main] INFO  mzk.PatientPortal.BaseClass.LoginTestClass - Starting login test...
]]></system-out>
    <system-err><![CDATA[---------------------------FamilyMembers test Start--------------------------------
---------------------------Login test Start--------------------------------
]]></system-err>
  </testcase>
  <testcase name="ForgotEmailID" classname="mzk.PatientPortal.BaseClass.ForgotEmailTest" time="0">
    <skipped message="no such element: Unable to locate element: {&quot;method&quot;:&quot;xpath&quot;,&quot;selector&quot;:&quot;//*[text()=&apos;Forgot Email/Mobile Number?&apos;]&quot;}&#10;  (Session info: chrome=124.0.6367.78)&#10;For documentation on this error, please visit: http://seleniumhq.org/exceptions/no_such_element.html&#10;Build info: version: &apos;3.14.0&apos;, revision: &apos;aacccce0&apos;, time: &apos;2018-08-02T20:19:58.91Z&apos;&#10;System info: host: &apos;HYDL-001375A&apos;, ip: &apos;172.22.11.67&apos;, os.name: &apos;Windows 11&apos;, os.arch: &apos;amd64&apos;, os.version: &apos;10.0&apos;, java.version: &apos;21.0.2&apos;&#10;Driver info: org.openqa.selenium.chrome.ChromeDriver&#10;Capabilities {acceptInsecureCerts: false, browserName: chrome, browserVersion: 124.0.6367.78, chrome: {chromedriverVersion: 124.0.6367.78 (a087f2dd364d..., userDataDir: C:\WINDOWS\SystemTemp\scope...}, fedcm:accounts: true, goog:chromeOptions: {debuggerAddress: localhost:53468}, javascriptEnabled: true, networkConnectionEnabled: false, pageLoadStrategy: normal, platform: WINDOWS, platformName: WINDOWS, proxy: Proxy(), setWindowRect: true, strictFileInteractability: false, timeouts: {implicit: 0, pageLoad: 300000, script: 30000}, unhandledPromptBehavior: dismiss and notify, webauthn:extension:credBlob: true, webauthn:extension:largeBlob: true, webauthn:extension:minPinLength: true, webauthn:extension:prf: true, webauthn:virtualAuthenticators: true}&#10;Session ID: 93deac0454cff8c8d107f55bcc61099b&#10;*** Element info: {Using=xpath, value=//*[text()=&apos;Forgot Email/Mobile Number?&apos;]}"/>
    <system-out><![CDATA[16:28:41.900 [main] INFO  mzk.PatientPortal.BaseClass.ForgotEmailTest - Starting ForgotEmailID test...
]]></system-out>
    <system-err><![CDATA[---------------------------ForgotEmail test Start--------------------------------
]]></system-err>
  </testcase>
  <testcase name="ForgotEmailID" classname="mzk.PatientPortal.BaseClass.ForgotEmailTest" time="10.066">
    <failure message="no such element: Unable to locate element: {&quot;method&quot;:&quot;xpath&quot;,&quot;selector&quot;:&quot;//*[text()=&apos;Forgot Email/Mobile Number?&apos;]&quot;}&#10;  (Session info: chrome=124.0.6367.78)&#10;For documentation on this error, please visit: http://seleniumhq.org/exceptions/no_such_element.html&#10;Build info: version: &apos;3.14.0&apos;, revision: &apos;aacccce0&apos;, time: &apos;2018-08-02T20:19:58.91Z&apos;&#10;System info: host: &apos;HYDL-001375A&apos;, ip: &apos;172.22.11.67&apos;, os.name: &apos;Windows 11&apos;, os.arch: &apos;amd64&apos;, os.version: &apos;10.0&apos;, java.version: &apos;21.0.2&apos;&#10;Driver info: org.openqa.selenium.chrome.ChromeDriver&#10;Capabilities {acceptInsecureCerts: false, browserName: chrome, browserVersion: 124.0.6367.78, chrome: {chromedriverVersion: 124.0.6367.78 (a087f2dd364d..., userDataDir: C:\WINDOWS\SystemTemp\scope...}, fedcm:accounts: true, goog:chromeOptions: {debuggerAddress: localhost:53468}, javascriptEnabled: true, networkConnectionEnabled: false, pageLoadStrategy: normal, platform: WINDOWS, platformName: WINDOWS, proxy: Proxy(), setWindowRect: true, strictFileInteractability: false, timeouts: {implicit: 0, pageLoad: 300000, script: 30000}, unhandledPromptBehavior: dismiss and notify, webauthn:extension:credBlob: true, webauthn:extension:largeBlob: true, webauthn:extension:minPinLength: true, webauthn:extension:prf: true, webauthn:virtualAuthenticators: true}&#10;Session ID: 93deac0454cff8c8d107f55bcc61099b&#10;*** Element info: {Using=xpath, value=//*[text()=&apos;Forgot Email/Mobile Number?&apos;]}" type="org.openqa.selenium.NoSuchElementException">org.openqa.selenium.NoSuchElementException: 
no such element: Unable to locate element: {"method":"xpath","selector":"//*[text()='Forgot Email/Mobile Number?']"}
  (Session info: chrome=124.0.6367.78)
For documentation on this error, please visit: http://seleniumhq.org/exceptions/no_such_element.html
Build info: version: '3.14.0', revision: 'aacccce0', time: '2018-08-02T20:19:58.91Z'
System info: host: 'HYDL-001375A', ip: '172.22.11.67', os.name: 'Windows 11', os.arch: 'amd64', os.version: '10.0', java.version: '21.0.2'
Driver info: org.openqa.selenium.chrome.ChromeDriver
Capabilities {acceptInsecureCerts: false, browserName: chrome, browserVersion: 124.0.6367.78, chrome: {chromedriverVersion: 124.0.6367.78 (a087f2dd364d..., userDataDir: C:\WINDOWS\SystemTemp\scope...}, fedcm:accounts: true, goog:chromeOptions: {debuggerAddress: localhost:53468}, javascriptEnabled: true, networkConnectionEnabled: false, pageLoadStrategy: normal, platform: WINDOWS, platformName: WINDOWS, proxy: Proxy(), setWindowRect: true, strictFileInteractability: false, timeouts: {implicit: 0, pageLoad: 300000, script: 30000}, unhandledPromptBehavior: dismiss and notify, webauthn:extension:credBlob: true, webauthn:extension:largeBlob: true, webauthn:extension:minPinLength: true, webauthn:extension:prf: true, webauthn:virtualAuthenticators: true}
Session ID: 93deac0454cff8c8d107f55bcc61099b
*** Element info: {Using=xpath, value=//*[text()='Forgot Email/Mobile Number?']}
	at mzk.PatientPortal.BaseClass.ForgotEmailTest.ForgotEmailID(ForgotEmailTest.java:28)
</failure>
    <system-out><![CDATA[16:28:51.951 [main] INFO  mzk.PatientPortal.BaseClass.ForgotEmailTest - Starting ForgotEmailID test...
]]></system-out>
    <system-err><![CDATA[---------------------------ForgotEmail test Start--------------------------------
]]></system-err>
  </testcase>
  <testcase name="InternationalPatientRegistration" classname="mzk.PatientPortal.BaseClass.InternationalPatientTest" time="0">
    <skipped message="Expected condition failed: waiting for element to be clickable: Proxy element for: DefaultElementLocator &apos;By.xpath: //*[@href=&apos;/signup&apos;]&apos; (tried for 30 second(s) with 500 milliseconds interval)"/>
    <system-out><![CDATA[16:29:02.018 [main] INFO  mzk.PatientPortal.BaseClass.InternationalPatientTest - Starting InternationalPatientRegistration test...
]]></system-out>
    <system-err><![CDATA[---------------------------InternationalPatient test Start--------------------------------
]]></system-err>
  </testcase>
  <testcase name="InternationalPatientRegistration" classname="mzk.PatientPortal.BaseClass.InternationalPatientTest" time="41.23">
    <failure message="Expected condition failed: waiting for element to be clickable: Proxy element for: DefaultElementLocator &apos;By.xpath: //*[@href=&apos;/signup&apos;]&apos; (tried for 30 second(s) with 500 milliseconds interval)" type="org.openqa.selenium.TimeoutException">org.openqa.selenium.TimeoutException: Expected condition failed: waiting for element to be clickable: Proxy element for: DefaultElementLocator 'By.xpath: //*[@href='/signup']' (tried for 30 second(s) with 500 milliseconds interval)
	at mzk.PatientPortal.BaseClass.InternationalPatientTest.InternationalPatientRegistration(InternationalPatientTest.java:32)
Caused by: org.openqa.selenium.NoSuchElementException: 
no such element: Unable to locate element: {"method":"xpath","selector":"//*[@href='/signup']"}
  (Session info: chrome=124.0.6367.78)
For documentation on this error, please visit: http://seleniumhq.org/exceptions/no_such_element.html
Build info: version: '3.14.0', revision: 'aacccce0', time: '2018-08-02T20:19:58.91Z'
System info: host: 'HYDL-001375A', ip: '172.22.11.67', os.name: 'Windows 11', os.arch: 'amd64', os.version: '10.0', java.version: '21.0.2'
Driver info: org.openqa.selenium.chrome.ChromeDriver
Capabilities {acceptInsecureCerts: false, browserName: chrome, browserVersion: 124.0.6367.78, chrome: {chromedriverVersion: 124.0.6367.78 (a087f2dd364d..., userDataDir: C:\WINDOWS\SystemTemp\scope...}, fedcm:accounts: true, goog:chromeOptions: {debuggerAddress: localhost:53468}, javascriptEnabled: true, networkConnectionEnabled: false, pageLoadStrategy: normal, platform: WINDOWS, platformName: WINDOWS, proxy: Proxy(), setWindowRect: true, strictFileInteractability: false, timeouts: {implicit: 0, pageLoad: 300000, script: 30000}, unhandledPromptBehavior: dismiss and notify, webauthn:extension:credBlob: true, webauthn:extension:largeBlob: true, webauthn:extension:minPinLength: true, webauthn:extension:prf: true, webauthn:virtualAuthenticators: true}
Session ID: 93deac0454cff8c8d107f55bcc61099b
*** Element info: {Using=xpath, value=//*[@href='/signup']}
	at mzk.PatientPortal.BaseClass.InternationalPatientTest.InternationalPatientRegistration(InternationalPatientTest.java:32)
</failure>
    <system-out><![CDATA[16:29:43.297 [main] INFO  mzk.PatientPortal.BaseClass.InternationalPatientTest - Starting InternationalPatientRegistration test...
]]></system-out>
    <system-err><![CDATA[---------------------------InternationalPatient test Start--------------------------------
]]></system-err>
  </testcase>
  <testcase name="PatientPaymentCategory" classname="mzk.PatientPortal.BaseClass.PaymentCategoryTest" time="0">
    <skipped message="Expected condition failed: waiting for visibility of element located by By.xpath: //*[@id=&apos;Email&apos;] (tried for 60 second(s) with 500 milliseconds interval)"/>
    <system-out><![CDATA[16:30:24.527 [main] INFO  mzk.PatientPortal.BaseClass.PaymentCategoryTest - Starting PaymentCategory test...
16:30:24.528 [main] INFO  mzk.PatientPortal.BaseClass.LoginTestClass - Starting login test...
]]></system-out>
    <system-err><![CDATA[---------------------------PaymentCategory test Start--------------------------------
---------------------------Login test Start--------------------------------
]]></system-err>
  </testcase>
  <testcase name="PatientPaymentCategory" classname="mzk.PatientPortal.BaseClass.PaymentCategoryTest" time="62.914">
    <failure message="Expected condition failed: waiting for visibility of element located by By.xpath: //*[@id=&apos;Email&apos;] (tried for 60 second(s) with 500 milliseconds interval)" type="org.openqa.selenium.TimeoutException">org.openqa.selenium.TimeoutException: Expected condition failed: waiting for visibility of element located by By.xpath: //*[@id='Email'] (tried for 60 second(s) with 500 milliseconds interval)
	at mzk.PatientPortal.BaseClass.PaymentCategoryTest.PatientPaymentCategory(PaymentCategoryTest.java:30)
Caused by: org.openqa.selenium.NoSuchElementException: 
Cannot locate an element using By.xpath: //*[@id='Email']
For documentation on this error, please visit: http://seleniumhq.org/exceptions/no_such_element.html
Build info: version: '3.14.0', revision: 'aacccce0', time: '2018-08-02T20:19:58.91Z'
System info: host: 'HYDL-001375A', ip: '172.22.11.67', os.name: 'Windows 11', os.arch: 'amd64', os.version: '10.0', java.version: '21.0.2'
Driver info: driver.version: unknown
	at mzk.PatientPortal.BaseClass.PaymentCategoryTest.PatientPaymentCategory(PaymentCategoryTest.java:30)
</failure>
    <system-out><![CDATA[16:31:27.398 [main] INFO  mzk.PatientPortal.BaseClass.PaymentCategoryTest - Starting PaymentCategory test...
16:31:27.398 [main] INFO  mzk.PatientPortal.BaseClass.LoginTestClass - Starting login test...
]]></system-out>
    <system-err><![CDATA[---------------------------PaymentCategory test Start--------------------------------
---------------------------Login test Start--------------------------------
]]></system-err>
  </testcase>
  <testcase name="UserPersonalDetails" classname="mzk.PatientPortal.BaseClass.PersonalDetailsTest" time="0">
    <skipped message="Expected condition failed: waiting for visibility of element located by By.xpath: //*[@id=&apos;Email&apos;] (tried for 60 second(s) with 500 milliseconds interval)"/>
    <system-out><![CDATA[16:32:30.315 [main] INFO  mzk.PatientPortal.BaseClass.PersonalDetailsTest - Starting UserPersonalDetails test...
16:32:30.316 [main] INFO  mzk.PatientPortal.BaseClass.LoginTestClass - Starting login test...
]]></system-out>
    <system-err><![CDATA[---------------------------PersonalDetails test Start--------------------------------
---------------------------Login test Start--------------------------------
]]></system-err>
  </testcase>
  <testcase name="UserPersonalDetails" classname="mzk.PatientPortal.BaseClass.PersonalDetailsTest" time="62.939">
    <failure message="Expected condition failed: waiting for visibility of element located by By.xpath: //*[@id=&apos;Email&apos;] (tried for 60 second(s) with 500 milliseconds interval)" type="org.openqa.selenium.TimeoutException">org.openqa.selenium.TimeoutException: Expected condition failed: waiting for visibility of element located by By.xpath: //*[@id='Email'] (tried for 60 second(s) with 500 milliseconds interval)
	at mzk.PatientPortal.BaseClass.PersonalDetailsTest.UserPersonalDetails(PersonalDetailsTest.java:28)
Caused by: org.openqa.selenium.NoSuchElementException: 
Cannot locate an element using By.xpath: //*[@id='Email']
For documentation on this error, please visit: http://seleniumhq.org/exceptions/no_such_element.html
Build info: version: '3.14.0', revision: 'aacccce0', time: '2018-08-02T20:19:58.91Z'
System info: host: 'HYDL-001375A', ip: '172.22.11.67', os.name: 'Windows 11', os.arch: 'amd64', os.version: '10.0', java.version: '21.0.2'
Driver info: driver.version: unknown
	at mzk.PatientPortal.BaseClass.PersonalDetailsTest.UserPersonalDetails(PersonalDetailsTest.java:28)
</failure>
    <system-out><![CDATA[16:33:33.200 [main] INFO  mzk.PatientPortal.BaseClass.PersonalDetailsTest - Starting UserPersonalDetails test...
16:33:33.200 [main] INFO  mzk.PatientPortal.BaseClass.LoginTestClass - Starting login test...
]]></system-out>
    <system-err><![CDATA[---------------------------PersonalDetails test Start--------------------------------
---------------------------Login test Start--------------------------------
]]></system-err>
  </testcase>
  <testcase name="UserProvideAccess" classname="mzk.PatientPortal.BaseClass.ProvideAccessTest" time="0">
    <skipped message="Expected condition failed: waiting for visibility of element located by By.xpath: //*[@id=&apos;Email&apos;] (tried for 60 second(s) with 500 milliseconds interval)"/>
    <system-out><![CDATA[16:34:36.147 [main] INFO  mzk.PatientPortal.BaseClass.ProvideAccessTest - Starting UserProvideAccess test...
16:34:36.148 [main] INFO  mzk.PatientPortal.BaseClass.LoginTestClass - Starting login test...
]]></system-out>
    <system-err><![CDATA[---------------------------ProvideAccess test Start--------------------------------
---------------------------Login test Start--------------------------------
]]></system-err>
  </testcase>
  <testcase name="UserProvideAccess" classname="mzk.PatientPortal.BaseClass.ProvideAccessTest" time="63.019">
    <failure message="Expected condition failed: waiting for visibility of element located by By.xpath: //*[@id=&apos;Email&apos;] (tried for 60 second(s) with 500 milliseconds interval)" type="org.openqa.selenium.TimeoutException">org.openqa.selenium.TimeoutException: Expected condition failed: waiting for visibility of element located by By.xpath: //*[@id='Email'] (tried for 60 second(s) with 500 milliseconds interval)
	at mzk.PatientPortal.BaseClass.ProvideAccessTest.UserProvideAccess(ProvideAccessTest.java:29)
Caused by: org.openqa.selenium.NoSuchElementException: 
Cannot locate an element using By.xpath: //*[@id='Email']
For documentation on this error, please visit: http://seleniumhq.org/exceptions/no_such_element.html
Build info: version: '3.14.0', revision: 'aacccce0', time: '2018-08-02T20:19:58.91Z'
System info: host: 'HYDL-001375A', ip: '172.22.11.67', os.name: 'Windows 11', os.arch: 'amd64', os.version: '10.0', java.version: '21.0.2'
Driver info: driver.version: unknown
	at mzk.PatientPortal.BaseClass.ProvideAccessTest.UserProvideAccess(ProvideAccessTest.java:29)
</failure>
    <system-out><![CDATA[16:35:38.997 [main] INFO  mzk.PatientPortal.BaseClass.ProvideAccessTest - Starting UserProvideAccess test...
16:35:38.998 [main] INFO  mzk.PatientPortal.BaseClass.LoginTestClass - Starting login test...
]]></system-out>
    <system-err><![CDATA[---------------------------ProvideAccess test Start--------------------------------
---------------------------Login test Start--------------------------------
]]></system-err>
  </testcase>
  <testcase name="registerPatient" classname="mzk.PatientPortal.BaseClass.RegistrationTest" time="0">
    <skipped message="Expected condition failed: waiting for element to be clickable: Proxy element for: DefaultElementLocator &apos;By.xpath: //*[@href=&apos;/signup&apos;]&apos; (tried for 40 second(s) with 500 milliseconds interval)"/>
    <system-out><![CDATA[16:36:42.025 [main] INFO  mzk.PatientPortal.BaseClass.RegistrationTest - Starting registerPatient test...
]]></system-out>
    <system-err><![CDATA[---------------------------Registration test Start--------------------------------
]]></system-err>
  </testcase>
  <testcase name="registerPatient" classname="mzk.PatientPortal.BaseClass.RegistrationTest" time="51.744">
    <failure message="Expected condition failed: waiting for element to be clickable: Proxy element for: DefaultElementLocator &apos;By.xpath: //*[@href=&apos;/signup&apos;]&apos; (tried for 40 second(s) with 500 milliseconds interval)" type="org.openqa.selenium.TimeoutException">org.openqa.selenium.TimeoutException: Expected condition failed: waiting for element to be clickable: Proxy element for: DefaultElementLocator 'By.xpath: //*[@href='/signup']' (tried for 40 second(s) with 500 milliseconds interval)
	at mzk.PatientPortal.BaseClass.RegistrationTest.registerPatient(RegistrationTest.java:33)
Caused by: org.openqa.selenium.NoSuchElementException: 
no such element: Unable to locate element: {"method":"xpath","selector":"//*[@href='/signup']"}
  (Session info: chrome=124.0.6367.78)
For documentation on this error, please visit: http://seleniumhq.org/exceptions/no_such_element.html
Build info: version: '3.14.0', revision: 'aacccce0', time: '2018-08-02T20:19:58.91Z'
System info: host: 'HYDL-001375A', ip: '172.22.11.67', os.name: 'Windows 11', os.arch: 'amd64', os.version: '10.0', java.version: '21.0.2'
Driver info: org.openqa.selenium.chrome.ChromeDriver
Capabilities {acceptInsecureCerts: false, browserName: chrome, browserVersion: 124.0.6367.78, chrome: {chromedriverVersion: 124.0.6367.78 (a087f2dd364d..., userDataDir: C:\WINDOWS\SystemTemp\scope...}, fedcm:accounts: true, goog:chromeOptions: {debuggerAddress: localhost:53468}, javascriptEnabled: true, networkConnectionEnabled: false, pageLoadStrategy: normal, platform: WINDOWS, platformName: WINDOWS, proxy: Proxy(), setWindowRect: true, strictFileInteractability: false, timeouts: {implicit: 0, pageLoad: 300000, script: 30000}, unhandledPromptBehavior: dismiss and notify, webauthn:extension:credBlob: true, webauthn:extension:largeBlob: true, webauthn:extension:minPinLength: true, webauthn:extension:prf: true, webauthn:virtualAuthenticators: true}
Session ID: 93deac0454cff8c8d107f55bcc61099b
*** Element info: {Using=xpath, value=//*[@href='/signup']}
	at mzk.PatientPortal.BaseClass.RegistrationTest.registerPatient(RegistrationTest.java:33)
</failure>
    <system-out><![CDATA[16:37:33.802 [main] INFO  mzk.PatientPortal.BaseClass.RegistrationTest - Starting registerPatient test...
]]></system-out>
    <system-err><![CDATA[---------------------------Registration test Start--------------------------------
]]></system-err>
  </testcase>
  <testcase name="UserRequestAccess" classname="mzk.PatientPortal.BaseClass.RequestAccessTest" time="0">
    <skipped message="Expected condition failed: waiting for visibility of element located by By.xpath: //*[@id=&apos;Email&apos;] (tried for 60 second(s) with 500 milliseconds interval)"/>
    <system-out><![CDATA[16:38:25.549 [main] INFO  mzk.PatientPortal.BaseClass.RequestAccessTest - Starting UserRequestAccess test...
16:38:25.550 [main] INFO  mzk.PatientPortal.BaseClass.LoginTestClass - Starting login test...
]]></system-out>
    <system-err><![CDATA[---------------------------RequestAccess test Start--------------------------------
---------------------------Login test Start--------------------------------
]]></system-err>
  </testcase>
  <testcase name="UserRequestAccess" classname="mzk.PatientPortal.BaseClass.RequestAccessTest" time="62.878">
    <failure message="Expected condition failed: waiting for visibility of element located by By.xpath: //*[@id=&apos;Email&apos;] (tried for 60 second(s) with 500 milliseconds interval)" type="org.openqa.selenium.TimeoutException">org.openqa.selenium.TimeoutException: Expected condition failed: waiting for visibility of element located by By.xpath: //*[@id='Email'] (tried for 60 second(s) with 500 milliseconds interval)
	at mzk.PatientPortal.BaseClass.RequestAccessTest.UserRequestAccess(RequestAccessTest.java:30)
Caused by: org.openqa.selenium.NoSuchElementException: 
Cannot locate an element using By.xpath: //*[@id='Email']
For documentation on this error, please visit: http://seleniumhq.org/exceptions/no_such_element.html
Build info: version: '3.14.0', revision: 'aacccce0', time: '2018-08-02T20:19:58.91Z'
System info: host: 'HYDL-001375A', ip: '172.22.11.67', os.name: 'Windows 11', os.arch: 'amd64', os.version: '10.0', java.version: '21.0.2'
Driver info: driver.version: unknown
	at mzk.PatientPortal.BaseClass.RequestAccessTest.UserRequestAccess(RequestAccessTest.java:30)
</failure>
    <system-out><![CDATA[16:39:28.451 [main] INFO  mzk.PatientPortal.BaseClass.RequestAccessTest - Starting UserRequestAccess test...
16:39:28.451 [main] INFO  mzk.PatientPortal.BaseClass.LoginTestClass - Starting login test...
]]></system-out>
    <system-err><![CDATA[---------------------------RequestAccess test Start--------------------------------
---------------------------Login test Start--------------------------------
]]></system-err>
  </testcase>
</testsuite>