<?xml version="1.0" encoding="UTF-8"?>
<testsuite xmlns:xsi="http://www.w3.org/2001/XMLSchema-instance" xsi:noNamespaceSchemaLocation="https://maven.apache.org/surefire/maven-surefire-plugin/xsd/surefire-test-report.xsd" name="TestSuite" time="370.269" tests="6" errors="0" skipped="3" failures="3">
  <properties>
[...]
</properties>
  <testcase name="PoratlEmergencyContact" classname="mzk.PatientPortal.BaseClass.EmergencyContactTest" time="0">
    <skipped message="Expected condition failed: waiting for element to be clickable: [[ChromeDriver: chrome on WINDOWS (a32e0e9365a5ee8025ea2ac6d9df8717)] -&gt; xpath: //a[@href=&apos;profile&apos;]] (tried for 30 second(s) with 500 milliseconds interval)&#10;Build info: version: &apos;3.14.0&apos;, revision: &apos;aacccce0&apos;, time: &apos;2018-08-02T20:19:58.91Z&apos;&#10;System info: host: &apos;HYDL-001375A&apos;, ip: &apos;172.22.11.67&apos;, os.name: &apos;Windows 11&apos;, os.arch: &apos;amd64&apos;, os.version: &apos;10.0&apos;, java.version: &apos;21.0.2&apos;&#10;Driver info: org.openqa.selenium.chrome.ChromeDriver&#10;Capabilities {acceptInsecureCerts: false, browserName: chrome, browserVersion: 124.0.6367.78, chrome: {chromedriverVersion: 124.0.6367.78 (a087f2dd364d..., userDataDir: C:\WINDOWS\SystemTemp\scope...}, fedcm:accounts: true, goog:chromeOptions: {debuggerAddress: localhost:58838}, javascriptEnabled: true, networkConnectionEnabled: false, pageLoadStrategy: normal, platform: WINDOWS, platformName: WINDOWS, proxy: Proxy(), setWindowRect: true, strictFileInteractability: false, timeouts: {implicit: 0, pageLoad: 300000, script: 30000}, unhandledPromptBehavior: dismiss and notify, webauthn:extension:credBlob: true, webauthn:extension:largeBlob: true, webauthn:extension:minPinLength: true, webauthn:extension:prf: true, webauthn:virtualAuthenticators: true}&#10;Session ID: a32e0e9365a5ee8025ea2ac6d9df8717"/>
    <system-out><![CDATA[17:31:27.486 [main] INFO  mzk.PatientPortal.BaseClass.EmergencyContactTest - Starting EmergencyContact test...
17:31:27.497 [main] INFO  mzk.PatientPortal.BaseClass.LoginTestClass - Starting login test...
17:31:34.994 [main] INFO  mzk.PatientPortal.BaseClass.LoginTestClass - Patient Email Address is Entered
17:31:35.343 [main] INFO  mzk.PatientPortal.BaseClass.LoginTestClass - Hitting the Send OTP Button
17:31:36.547 [main] INFO  mzk.PatientPortal.BaseClass.LoginTestClass - Entered the OTP for the codeOtp1
17:31:36.661 [main] INFO  mzk.PatientPortal.BaseClass.LoginTestClass - Entered the OTP for the codeOtp2
17:31:36.749 [main] INFO  mzk.PatientPortal.BaseClass.LoginTestClass - Entered the OTP for the codeOtp3
17:31:36.853 [main] INFO  mzk.PatientPortal.BaseClass.LoginTestClass - Entered the OTP for the codeOtp4
17:31:36.978 [main] INFO  mzk.PatientPortal.BaseClass.LoginTestClass - Hitting the login Button
]]></system-out>
    <system-err><![CDATA[SLF4J(W): No SLF4J providers were found.
SLF4J(W): Defaulting to no-operation (NOP) logger implementation
SLF4J(W): See https://www.slf4j.org/codes.html#noProviders for further details.
Starting ChromeDriver 124.0.6367.78 (a087f2dd364ddd58b9c016ef1bf563d2bc138711-refs/branch-heads/6367@{#954}) on port 55758
Only local connections are allowed.
Please see https://chromedriver.chromium.org/security-considerations for suggestions on keeping ChromeDriver safe.
ChromeDriver was started successfully.
Apr 24, 2024 5:31:22 PM org.openqa.selenium.remote.ProtocolHandshake createSession
INFO: Detected dialect: W3C
---------------------------EmergencyContact test Start--------------------------------
---------------------------Login test Start--------------------------------
]]></system-err>
  </testcase>
  <testcase name="PoratlEmergencyContact" classname="mzk.PatientPortal.BaseClass.EmergencyContactTest" time="62.978">
    <failure message="Expected condition failed: waiting for visibility of element located by By.xpath: //*[@id=&apos;Email&apos;] (tried for 60 second(s) with 500 milliseconds interval)" type="org.openqa.selenium.TimeoutException">org.openqa.selenium.TimeoutException: Expected condition failed: waiting for visibility of element located by By.xpath: //*[@id='Email'] (tried for 60 second(s) with 500 milliseconds interval)
	at mzk.PatientPortal.BaseClass.EmergencyContactTest.PoratlEmergencyContact(EmergencyContactTest.java:26)
Caused by: org.openqa.selenium.NoSuchElementException: 
Cannot locate an element using By.xpath: //*[@id='Email']
For documentation on this error, please visit: http://seleniumhq.org/exceptions/no_such_element.html
Build info: version: '3.14.0', revision: 'aacccce0', time: '2018-08-02T20:19:58.91Z'
System info: host: 'HYDL-001375A', ip: '172.22.11.67', os.name: 'Windows 11', os.arch: 'amd64', os.version: '10.0', java.version: '21.0.2'
Driver info: driver.version: unknown
	at mzk.PatientPortal.BaseClass.EmergencyContactTest.PoratlEmergencyContact(EmergencyContactTest.java:26)
</failure>
    <system-out><![CDATA[17:32:11.530 [main] INFO  mzk.PatientPortal.BaseClass.EmergencyContactTest - Starting EmergencyContact test...
17:32:11.531 [main] INFO  mzk.PatientPortal.BaseClass.LoginTestClass - Starting login test...
]]></system-out>
    <system-err><![CDATA[---------------------------EmergencyContact test Start--------------------------------
---------------------------Login test Start--------------------------------
]]></system-err>
  </testcase>
  <testcase name="PatientFamilyMember" classname="mzk.PatientPortal.BaseClass.FamilyMembersTest" time="0">
    <skipped message="Expected condition failed: waiting for visibility of element located by By.xpath: //*[@id=&apos;Email&apos;] (tried for 60 second(s) with 500 milliseconds interval)"/>
    <system-out><![CDATA[17:33:14.511 [main] INFO  mzk.PatientPortal.BaseClass.FamilyMembersTest - Starting FamilyMembersDetails test...
17:33:14.511 [main] INFO  mzk.PatientPortal.BaseClass.LoginTestClass - Starting login test...
]]></system-out>
    <system-err><![CDATA[---------------------------FamilyMembers_06 test Start--------------------------------
---------------------------Login test Start--------------------------------
]]></system-err>
  </testcase>
  <testcase name="PatientFamilyMember" classname="mzk.PatientPortal.BaseClass.FamilyMembersTest" time="62.963">
    <failure message="Expected condition failed: waiting for visibility of element located by By.xpath: //*[@id=&apos;Email&apos;] (tried for 60 second(s) with 500 milliseconds interval)" type="org.openqa.selenium.TimeoutException">org.openqa.selenium.TimeoutException: Expected condition failed: waiting for visibility of element located by By.xpath: //*[@id='Email'] (tried for 60 second(s) with 500 milliseconds interval)
	at mzk.PatientPortal.BaseClass.FamilyMembersTest.PatientFamilyMember(FamilyMembersTest.java:25)
Caused by: org.openqa.selenium.NoSuchElementException: 
Cannot locate an element using By.xpath: //*[@id='Email']
For documentation on this error, please visit: http://seleniumhq.org/exceptions/no_such_element.html
Build info: version: '3.14.0', revision: 'aacccce0', time: '2018-08-02T20:19:58.91Z'
System info: host: 'HYDL-001375A', ip: '172.22.11.67', os.name: 'Windows 11', os.arch: 'amd64', os.version: '10.0', java.version: '21.0.2'
Driver info: driver.version: unknown
	at mzk.PatientPortal.BaseClass.FamilyMembersTest.PatientFamilyMember(FamilyMembersTest.java:25)
</failure>
    <system-out><![CDATA[17:34:17.429 [main] INFO  mzk.PatientPortal.BaseClass.FamilyMembersTest - Starting FamilyMembersDetails test...
17:34:17.429 [main] INFO  mzk.PatientPortal.BaseClass.LoginTestClass - Starting login test...
]]></system-out>
    <system-err><![CDATA[---------------------------FamilyMembers_06 test Start--------------------------------
---------------------------Login test Start--------------------------------
]]></system-err>
  </testcase>
  <testcase name="PatientPaymentCategory" classname="mzk.PatientPortal.BaseClass.PaymentCategoryTest" time="0">
    <skipped message="Expected condition failed: waiting for visibility of element located by By.xpath: //*[@id=&apos;Email&apos;] (tried for 60 second(s) with 500 milliseconds interval)"/>
    <system-out><![CDATA[17:35:20.399 [main] INFO  mzk.PatientPortal.BaseClass.PaymentCategoryTest - Starting PaymentCategory test...
17:35:20.399 [main] INFO  mzk.PatientPortal.BaseClass.LoginTestClass - Starting login test...
]]></system-out>
    <system-err><![CDATA[---------------------------PaymentCategory test Start--------------------------------
---------------------------Login test Start--------------------------------
]]></system-err>
  </testcase>
  <testcase name="PatientPaymentCategory" classname="mzk.PatientPortal.BaseClass.PaymentCategoryTest" time="62.936">
    <failure message="Expected condition failed: waiting for visibility of element located by By.xpath: //*[@id=&apos;Email&apos;] (tried for 60 second(s) with 500 milliseconds interval)" type="org.openqa.selenium.TimeoutException">org.openqa.selenium.TimeoutException: Expected condition failed: waiting for visibility of element located by By.xpath: //*[@id='Email'] (tried for 60 second(s) with 500 milliseconds interval)
	at mzk.PatientPortal.BaseClass.PaymentCategoryTest.PatientPaymentCategory(PaymentCategoryTest.java:30)
Caused by: org.openqa.selenium.NoSuchElementException: 
Cannot locate an element using By.xpath: //*[@id='Email']
For documentation on this error, please visit: http://seleniumhq.org/exceptions/no_such_element.html
Build info: version: '3.14.0', revision: 'aacccce0', time: '2018-08-02T20:19:58.91Z'
System info: host: 'HYDL-001375A', ip: '172.22.11.67', os.name: 'Windows 11', os.arch: 'amd64', os.version: '10.0', java.version: '21.0.2'
Driver info: driver.version: unknown
	at mzk.PatientPortal.BaseClass.PaymentCategoryTest.PatientPaymentCategory(PaymentCategoryTest.java:30)
</failure>
    <system-out><![CDATA[17:36:23.347 [main] INFO  mzk.PatientPortal.BaseClass.PaymentCategoryTest - Starting PaymentCategory test...
17:36:23.348 [main] INFO  mzk.PatientPortal.BaseClass.LoginTestClass - Starting login test...
]]></system-out>
    <system-err><![CDATA[---------------------------PaymentCategory test Start--------------------------------
---------------------------Login test Start--------------------------------
]]></system-err>
  </testcase>
</testsuite>